17:20:41.339 [main] INFO  factory.BaseClass - My Account Link validated successfully.....
17:20:41.351 [main] INFO  factory.BaseClass - ***Login Scenario is passed
17:21:02.213 [main] INFO  factory.BaseClass - ******Executing User Registration scenario*****
17:21:02.213 [main] INFO  factory.BaseClass - Go to My Account menu --> click Register
17:21:04.724 [main] INFO  factory.BaseClass - Entering user details
17:21:06.051 [main] INFO  factory.BaseClass - selected Privacy Policy .....
17:21:06.058 [main] INFO  factory.BaseClass - Clicking on Continue button.....
17:21:06.182 [main] INFO  factory.BaseClass - Clicked Continue button.....
17:21:08.361 [main] INFO  factory.BaseClass - Validation confirmation message.....
17:21:08.361 [main] INFO  factory.BaseClass - Validation successful ....
17:21:08.361 [main] INFO  factory.BaseClass - ***Registration Scenario is passed
18:15:53.300 [main] INFO  factory.BaseClass - Go to My Account menu --> click login
18:16:01.835 [main] INFO  factory.BaseClass - ***Executing Login Scenario******
18:16:01.835 [main] INFO  factory.BaseClass - Entering email and password.. 
18:16:02.473 [main] INFO  factory.BaseClass - Clicked Login button.....
18:16:05.560 [main] INFO  factory.BaseClass - My Account Link validated successfully.....
18:16:05.560 [main] INFO  factory.BaseClass - ***Login Scenario is passed
18:16:22.862 [main] INFO  factory.BaseClass - ******Executing User Registration scenario*****
18:16:22.862 [main] INFO  factory.BaseClass - Go to My Account menu --> click Register
18:16:27.143 [main] INFO  factory.BaseClass - Entering user details
18:16:28.040 [main] INFO  factory.BaseClass - selected Privacy Policy .....
18:16:28.043 [main] INFO  factory.BaseClass - Clicking on Continue button.....
18:16:28.254 [main] INFO  factory.BaseClass - Clicked Continue button.....
18:16:31.081 [main] INFO  factory.BaseClass - Validation confirmation message.....
18:16:31.083 [main] INFO  factory.BaseClass - Validation successful ....
18:16:31.084 [main] INFO  factory.BaseClass - ***Registration Scenario is passed
18:21:25.867 [main] INFO  factory.BaseClass - Go to My Account menu --> click login
18:21:27.880 [main] INFO  factory.BaseClass - ***Executing Login Scenario******
18:21:27.881 [main] INFO  factory.BaseClass - Entering email and password.. 
18:21:28.992 [main] INFO  factory.BaseClass - Clicked Login button.....
18:21:30.260 [main] INFO  factory.BaseClass - My Account Link validated successfully.....
18:21:30.261 [main] INFO  factory.BaseClass - ***Login Scenario is passed
18:21:42.118 [main] INFO  factory.BaseClass - ******Executing User Registration scenario*****
18:21:42.122 [main] INFO  factory.BaseClass - Go to My Account menu --> click Register
18:21:43.795 [main] INFO  factory.BaseClass - Entering user details
18:21:44.880 [main] INFO  factory.BaseClass - selected Privacy Policy .....
18:21:44.887 [main] INFO  factory.BaseClass - Clicking on Continue button.....
18:21:45.107 [main] INFO  factory.BaseClass - Clicked Continue button.....
18:21:47.168 [main] INFO  factory.BaseClass - Validation confirmation message.....
18:21:47.168 [main] INFO  factory.BaseClass - Validation successful ....
18:21:47.168 [main] INFO  factory.BaseClass - ***Registration Scenario is passed
18:25:23.868 [main] INFO  factory.BaseClass - Go to My Account menu --> click login
18:25:25.762 [main] INFO  factory.BaseClass - ***Executing Login Scenario******
18:25:25.766 [main] INFO  factory.BaseClass - Entering email and password.. 
18:25:26.600 [main] INFO  factory.BaseClass - Clicked Login button.....
18:25:27.730 [main] INFO  factory.BaseClass - My Account Link validated successfully.....
18:25:27.730 [main] INFO  factory.BaseClass - ***Login Scenario is passed
18:25:39.564 [main] INFO  factory.BaseClass - ******Executing User Registration scenario*****
18:25:39.569 [main] INFO  factory.BaseClass - Go to My Account menu --> click Register
18:25:41.356 [main] INFO  factory.BaseClass - Entering user details
18:25:42.327 [main] INFO  factory.BaseClass - selected Privacy Policy .....
18:25:42.338 [main] INFO  factory.BaseClass - Clicking on Continue button.....
18:25:42.504 [main] INFO  factory.BaseClass - Clicked Continue button.....
18:25:44.604 [main] INFO  factory.BaseClass - Validation confirmation message.....
18:25:44.605 [main] INFO  factory.BaseClass - Validation successful ....
18:25:44.606 [main] INFO  factory.BaseClass - ***Registration Scenario is passed
18:27:23.828 [main] INFO  factory.BaseClass - Go to My Account menu --> click login
18:27:25.495 [main] INFO  factory.BaseClass - ***Executing Login Scenario******
18:27:25.496 [main] INFO  factory.BaseClass - Entering email and password.. 
18:27:26.217 [main] INFO  factory.BaseClass - Clicked Login button.....
18:27:27.287 [main] INFO  factory.BaseClass - My Account Link validated successfully.....
18:27:27.288 [main] INFO  factory.BaseClass - ***Login Scenario is passed
18:27:35.777 [main] INFO  factory.BaseClass - ******Executing User Registration scenario*****
